<?xml version="1.0" encoding="UTF-8"?>
<!-- Generated by org.testng.reporters.JUnitReportReporter -->
<testsuite skipped="0" hostname="DESKTOP-CHGLAQ3" name="stepsDefintions.Testing" tests="2" failures="0" timestamp="09 Aug 2022 03:37:23 GMT" time="13.034" errors="0">
  <testcase name="AtestingForfbText" time="5.280" classname="stepsDefintions.Testing"/>
  <testcase name="createAccountText" time="7.754" classname="stepsDefintions.Testing"/>
</testsuite> <!-- stepsDefintions.Testing -->
