<?xml version="1.0" encoding="UTF-8"?>
<!-- Generated by org.testng.reporters.JUnitReportReporter -->
<testsuite skipped="0" hostname="DESKTOP-CHGLAQ3" name="stepsDefintions.hardAssertions" tests="1" failures="0" timestamp="12 Aug 2022 00:47:06 GMT" time="12.396" errors="0">
  <testcase name="Task1" time="12.396" classname="stepsDefintions.hardAssertions"/>
</testsuite> <!-- stepsDefintions.hardAssertions -->
